<?xml version="1.0" encoding="utf-8"?><testsuites name="pytest tests"><testsuite name="pytest" errors="0" failures="0" skipped="0" tests="32" time="3.605" timestamp="2026-03-08T11:11:03.461701+00:00" hostname="agent-env-9117b6a1-6312-4d80-a084-3830b1bb9402"><testcase classname="backend.tests.test_currency_conversion.TestHealthAndBasics" name="test_api_root" time="0.155" /><testcase classname="backend.tests.test_currency_conversion.TestHealthAndBasics" name="test_categories_endpoint" time="0.098" /><testcase classname="backend.tests.test_currency_conversion.TestSettingsAPI" name="test_get_settings" time="0.100" /><testcase classname="backend.tests.test_currency_conversion.TestSettingsAPI" name="test_update_settings_to_inr" time="0.101" /><testcase classname="backend.tests.test_currency_conversion.TestSettingsAPI" name="test_update_settings_to_usd" time="0.099" /><testcase classname="backend.tests.test_currency_conversion.TestSettingsAPI" name="test_update_settings_to_eur" time="0.115" /><testcase classname="backend.tests.test_currency_conversion.TestAnalyticsConvertedAPI" name="test_analytics_summary_converted_usd" time="0.100" /><testcase classname="backend.tests.test_currency_conversion.TestAnalyticsConvertedAPI" name="test_analytics_summary_converted_inr" time="0.118" /><testcase classname="backend.tests.test_currency_conversion.TestAnalyticsConvertedAPI" name="test_analytics_summary_converted_eur" time="0.106" /><testcase classname="backend.tests.test_currency_conversion.TestAnalyticsConvertedAPI" name="test_currency_conversion_values_differ" time="0.232" /><testcase classname="backend.tests.test_currency_conversion.TestCurrencyConversionAPI" name="test_convert_usd_to_inr" time="0.105" /><testcase classname="backend.tests.test_currency_conversion.TestCurrencyConversionAPI" name="test_convert_inr_to_usd" time="0.101" /><testcase classname="backend.tests.test_currency_conversion.TestCurrencyConversionAPI" name="test_convert_eur_to_gbp" time="0.116" /><testcase classname="backend.tests.test_currency_conversion.TestCurrencyConversionAPI" name="test_convert_same_currency" time="0.108" /><testcase classname="backend.tests.test_currency_conversion.TestExchangeRatesAPI" name="test_get_exchange_rates_usd" time="0.110" /><testcase classname="backend.tests.test_currency_conversion.TestExchangeRatesAPI" name="test_get_all_currencies" time="0.101" /><testcase classname="backend.tests.test_currency_conversion.TestExchangeRatesAPI" name="test_get_popular_currencies" time="0.099" /><testcase classname="backend.tests.test_currency_conversion.TestExchangeRatesAPI" name="test_get_fx_volatility" time="0.099" /><testcase classname="backend.tests.test_currency_conversion.TestExchangeRatesAPI" name="test_get_historical_rates" time="0.112" /><testcase classname="backend.tests.test_currency_conversion.TestTransactionsAPI" name="test_get_transactions" time="0.102" /><testcase classname="backend.tests.test_currency_conversion.TestTransactionsAPI" name="test_transactions_converted_usd" time="0.105" /><testcase classname="backend.tests.test_currency_conversion.TestTransactionsAPI" name="test_transactions_converted_inr" time="0.092" /><testcase classname="backend.tests.test_currency_conversion.TestTaxEstimatorAPI" name="test_tax_estimate_usa" time="0.098" /><testcase classname="backend.tests.test_currency_conversion.TestTaxEstimatorAPI" name="test_tax_estimate_india" time="0.099" /><testcase classname="backend.tests.test_currency_conversion.TestTaxEstimatorAPI" name="test_tax_estimate_uk" time="0.104" /><testcase classname="backend.tests.test_currency_conversion.TestBudgetAPI" name="test_get_budgets" time="0.102" /><testcase classname="backend.tests.test_currency_conversion.TestBudgetAPI" name="test_get_budget_status" time="0.109" /><testcase classname="backend.tests.test_currency_conversion.TestAnalyticsAPI" name="test_analytics_summary" time="0.105" /><testcase classname="backend.tests.test_currency_conversion.TestAnalyticsAPI" name="test_cash_flow_forecast" time="0.101" /><testcase classname="backend.tests.test_currency_conversion.TestAnalyticsAPI" name="test_anomalies" time="0.100" /><testcase classname="backend.tests.test_currency_conversion.TestPortfolioAPI" name="test_get_portfolio_summary" time="0.110" /><testcase classname="backend.tests.test_currency_conversion.TestPortfolioAPI" name="test_get_portfolio_allocation" time="0.098" /></testsuite></testsuites>